input 1
D
.

input 4
D#
. 

input 1
D 
.#
. 

input 4
D#
.#
. 

input 1
D 
.#
.#
. 

input 4
D#
.#
.#
. 

input 1
D 
.#
.#
.#
. 

input 4
D#
.#
.#
.#
. 

input 1
# 
D#
.#
.#
.#
. 

input 4
# 
D#
.#
.#
.#
. 

input 3
 # 
D.#
 .#
 .#
 .#
 . 

input 1
## 
D.#
 .#
 .#
 .#
 . 

input 3
 ## 
D..#
  .#
  .#
  .#
  . 

input 1
### 
D..#
  .#
  .#
  .#
  . 

input 3
 ### 
D...#
   .#
   .#
   .#
   . 

input 1
#### 
D...#
   .#
   .#
   .#
   . 

input 3
 #### 
D....#
    .#
    .#
    .#
    . 

input 1
##### 
D....#
    .#
    .#
    .#
    . 

input 3
 ##### 
D.....#
     .#
     .#
     .#
     . 

input 1
###### 
D.....#
     .#
     .#
     .#
     . 

input 3
 ###### 
D......#
      .#
      .#
      .#
      . 

input 1
D###### 
.......#
      .#
      .#
      .#
      . 

input 4
D###### 
.......#
      .#
      .#
      .#
      . 

input 1
D       
.###### 
.......#
      .#
      .#
      .#
      . 

input 4
D#      
.###### 
.......#
      .#
      .#
      .#
      . 

input 1
D       
.#      
.###### 
.......#
      .#
      .#
      .#
      . 

input 4
D#      
.#      
.###### 
.......#
      .#
      .#
      .#
      . 

input 1
D       
.#      
.#      
.###### 
.......#
      .#
      .#
      .#
      . 

input 4
D#      
.#      
.#      
.###### 
.......#
      .#
      .#
      .#
      . 

input 1
#       
D#      
.#      
.#      
.###### 
.......#
      .#
      .#
      .#
      . 

input 4
#       
D#      
.#      
.#      
.###### 
.......#
      .#
      .#
      .#
      . 

input 3
 #       
D.#      
 .#      
 .#      
 .###### 
 .......#
       .#
       .#
       .#
       . 

input 1
##       
D.#      
 .#      
 .#      
 .###### 
 .......#
       .#
       .#
       .#
       . 

input 3
 ##       
D..#      
  .#      
  .#      
  .###### 
  .......#
        .#
        .#
        .#
        . 

input 1
###       
D..#      
  .#      
  .#      
  .###### 
  .......#
        .#
        .#
        .#
        . 

input 3
 ###       
D...#      
   .#      
   .#      
   .###### 
   .......#
         .#
         .#
         .#
         . 

input 1
####       
D...#      
   .#      
   .#      
   .###### 
   .......#
         .#
         .#
         .#
         . 

input 3
 ####       
D....#      
    .#      
    .#      
    .###### 
    .......#
          .#
          .#
          .#
          . 

input 1
#####       
D....#      
    .#      
    .#      
    .###### 
    .......#
          .#
          .#
          .#
          . 

input 3
 #####       
#D....#      
     .#      
     .#      
     .###### 
     .......#
           .#
           .#
           .#
           . 

input 1
 #####       
#D....#      
     .#      
     .#      
     .###### 
     .......#
           .#
           .#
           .#
           . 

input 2
 #####       
#.....#      
 D   .#      
     .#      
     .###### 
     .......#
           .#
           .#
           .#
           . 

input 3
 #####       
#.....#      
#D   .#      
     .#      
     .###### 
     .......#
           .#
           .#
           .#
           . 

input 2
 #####       
#.....#      
#.   .#      
 D   .#      
     .###### 
     .......#
           .#
           .#
           .#
           . 

input 3
 #####       
#.....#      
#.   .#      
#D   .#      
     .###### 
     .......#
           .#
           .#
           .#
           . 

input 2
 #####       
#.....#      
#.   .#      
#.   .#      
 D   .###### 
     .......#
           .#
           .#
           .#
           . 

input 3
 #####       
#.....#      
#.   .#      
#.   .#      
#D   .###### 
     .......#
           .#
           .#
           .#
           . 

input 2
 #####       
#.....#      
#.   .#      
#.   .#      
#.   .###### 
 D   .......#
           .#
           .#
           .#
           . 

input 3
 #####       
#.....#      
#.   .#      
#.   .#      
#.   .###### 
#D   .......#
           .#
           .#
           .#
           . 

input 2
 #####       
#.....#      
#.   .#      
#.   .#      
#.   .###### 
#D   .......#
 #         .#
           .#
           .#
           . 

input 3
 #####       
#.....#      
#.   .#      
#.   .#      
#.   .###### 
#D   .......#
 #         .#
           .#
           .#
           . 

input 4
 #####       
#.....#      
#.   .#      
#.   .#      
#.   .###### 
#.D  .......#
 #         .#
           .#
           .#
           . 

input 2
 #####       
#.....#      
#.   .#      
#.   .#      
#.   .###### 
#.D  .......#
 ##        .#
           .#
           .#
           . 

input 4
 #####       
#.....#      
#.   .#      
#.   .#      
#.   .###### 
#..D .......#
 ##        .#
           .#
           .#
           . 

input 2
 #####       
#.....#      
#.   .#      
#.   .#      
#.   .###### 
#... .......#
 ##D       .#
           .#
           .#
           . 

input 3
 #####       
#.....#      
#.   .#      
#.   .#      
#.   .###### 
#... .......#
 ##D       .#
           .#
           .#
           . 

input 2
 #####       
#.....#      
#.   .#      
#.   .#      
#.   .###### 
#... .......#
 ##.       .#
   D       .#
           .#
           . 

input 3
 #####       
#.....#      
#.   .#      
#.   .#      
#.   .###### 
#... .......#
 ##.       .#
  D.       .#
           .#
           . 

input 1
 #####       
#.....#      
#.   .#      
#.   .#      
#.   .###### 
#... .......#
 ##.       .#
  D.       .#
           .#
           . 

input 3
 #####       
#.....#      
#.   .#      
#.   .#      
#.   .###### 
#... .......#
 ##.       .#
 D..       .#
           .#
           . 

input 1
 #####       
#.....#      
#.   .#      
#.   .#      
#.   .###### 
#... .......#
 ##.       .#
 D..       .#
           .#
           . 

input 3
 #####       
#.....#      
#.   .#      
#.   .#      
#.   .###### 
#... .......#
 ##.       .#
D...       .#
           .#
           . 

input 1
 #####       
#.....#      
#.   .#      
#.   .#      
#.   .###### 
#... .......#
###.       .#
D...       .#
           .#
           . 

input 3
  #####       
 #.....#      
 #.   .#      
 #.   .#      
 #.   .###### 
 #... .......#
 ###.       .#
D....       .#
            .#
            . 

input 1
  #####       
 #.....#      
 #.   .#      
 #.   .#      
 #.   .###### 
 #... .......#
D###.       .#
.....       .#
            .#
            . 

input 4
  #####       
 #.....#      
 #.   .#      
 #.   .#      
 #.   .###### 
 #... .......#
D###.       .#
.....       .#
            .#
            . 

input 1
  #####       
 #.....#      
 #.   .#      
 #.   .#      
 #.   .###### 
D#... .......#
.###.       .#
.....       .#
            .#
            . 

input 4
  #####       
 #.....#      
 #.   .#      
 #.   .#      
 #.   .###### 
D#... .......#
.###.       .#
.....       .#
            .#
            . 

input 1
  #####       
 #.....#      
 #.   .#      
 #.   .#      
D#.   .###### 
.#... .......#
.###.       .#
.....       .#
            .#
            . 

input 4
  #####       
 #.....#      
 #.   .#      
 #.   .#      
D#.   .###### 
.#... .......#
.###.       .#
.....       .#
            .#
            . 

input 1
  #####       
 #.....#      
 #.   .#      
D#.   .#      
.#.   .###### 
.#... .......#
.###.       .#
.....       .#
            .#
            . 

input 4
  #####       
 #.....#      
 #.   .#      
D#.   .#      
.#.   .###### 
.#... .......#
.###.       .#
.....       .#
            .#
            . 

input 1
  #####       
 #.....#      
##.   .#      
D#.   .#      
.#.   .###### 
.#... .......#
.###.       .#
.....       .#
            .#
            . 

input 4
  #####       
 #.....#      
##.   .#      
D#.   .#      
.#.   .###### 
.#... .......#
.###.       .#
.....       .#
            .#
            . 

input 3
   #####       
  #.....#      
 ##.   .#      
D.#.   .#      
 .#.   .###### 
 .#... .......#
 .###.       .#
 .....       .#
             .#
             . 

input 1
   #####       
  #.....#      
###.   .#      
D.#.   .#      
 .#.   .###### 
 .#... .......#
 .###.       .#
 .....       .#
             .#
             . 

input 3
    #####       
   #.....#      
 ###.   .#      
D..#.   .#      
  .#.   .###### 
  .#... .......#
  .###.       .#
  .....       .#
              .#
              . 

input 1
    #####       
   #.....#      
####.   .#      
D..#.   .#      
  .#.   .###### 
  .#... .......#
  .###.       .#
  .....       .#
              .#
              . 

input 3
     #####       
    #.....#      
 ####.   .#      
D...#.   .#      
   .#.   .###### 
   .#... .......#
   .###.       .#
   .....       .#
               .#
               . 

input 1
     #####       
    #.....#      
#####.   .#      
D...#.   .#      
   .#.   .###### 
   .#... .......#
   .###.       .#
   .....       .#
               .#
               . 

input 3
      #####       
     #.....#      
 #####.   .#      
D....#.   .#      
    .#.   .###### 
    .#... .......#
    .###.       .#
    .....       .#
                .#
                . 

input 1
      #####       
     #.....#      
######.   .#      
D....#.   .#      
    .#.   .###### 
    .#... .......#
    .###.       .#
    .....       .#
                .#
                . 

input 3
       #####       
      #.....#      
 ######.   .#      
D.....#.   .#      
     .#.   .###### 
     .#... .......#
     .###.       .#
     .....       .#
                 .#
                 . 

input 1
       #####       
      #.....#      
#######.   .#      
D.....#.   .#      
     .#.   .###### 
     .#... .......#
     .###.       .#
     .....       .#
                 .#
                 . 

input 3
        #####       
       #.....#      
 #######.   .#      
D......#.   .#      
      .#.   .###### 
      .#... .......#
      .###.       .#
      .....       .#
                  .#
                  . 

input 1
        #####       
       #.....#      
########.   .#      
D......#.   .#      
      .#.   .###### 
      .#... .......#
      .###.       .#
      .....       .#
                  .#
                  . 

input 3
         #####       
        #.....#      
 ########.   .#      
#D......#.   .#      
       .#.   .###### 
       .#... .......#
       .###.       .#
       .....       .#
                   .#
                   . 

input 1
         #####       
        #.....#      
 ########.   .#      
#D......#.   .#      
       .#.   .###### 
       .#... .......#
       .###.       .#
       .....       .#
                   .#
                   . 

input 2
         #####       
        #.....#      
 ########.   .#      
#.......#.   .#      
 D     .#.   .###### 
       .#... .......#
       .###.       .#
       .....       .#
                   .#
                   . 

input 3
         #####       
        #.....#      
 ########.   .#      
#.......#.   .#      
#D     .#.   .###### 
       .#... .......#
       .###.       .#
       .....       .#
                   .#
                   . 

input 2
         #####       
        #.....#      
 ########.   .#      
#.......#.   .#      
#.     .#.   .###### 
 D     .#... .......#
       .###.       .#
       .....       .#
                   .#
                   . 

input 3
         #####       
        #.....#      
 ########.   .#      
#.......#.   .#      
#.     .#.   .###### 
D.     .#... .......#
       .###.       .#
       .....       .#
                   .#
                   . 

input 1
         #####       
        #.....#      
 ########.   .#      
#.......#.   .#      
#.     .#.   .###### 
D.     .#... .......#
       .###.       .#
       .....       .#
                   .#
                   . 

input 3
          #####       
         #.....#      
  ########.   .#      
 #.......#.   .#      
 #.     .#.   .###### 
D..     .#... .......#
        .###.       .#
        .....       .#
                    .#
                    . 

input 1
          #####       
         #.....#      
  ########.   .#      
 #.......#.   .#      
##.     .#.   .###### 
D..     .#... .......#
        .###.       .#
        .....       .#
                    .#
                    . 

input 3
           #####       
          #.....#      
   ########.   .#      
  #.......#.   .#      
 ##.     .#.   .###### 
#D..     .#... .......#
         .###.       .#
         .....       .#
                     .#
                     . 

input 1
           #####       
          #.....#      
   ########.   .#      
  #.......#.   .#      
 ##.     .#.   .###### 
#D..     .#... .......#
         .###.       .#
         .....       .#
                     .#
                     . 

input 2
           #####       
          #.....#      
   ########.   .#      
  #.......#.   .#      
 ##.     .#.   .###### 
#...     .#... .......#
 D       .###.       .#
         .....       .#
                     .#
                     . 

input 3
           #####       
          #.....#      
   ########.   .#      
  #.......#.   .#      
 ##.     .#.   .###### 
#...     .#... .......#
#D       .###.       .#
         .....       .#
                     .#
                     . 

input 2
           #####       
          #.....#      
   ########.   .#      
  #.......#.   .#      
 ##.     .#.   .###### 
#...     .#... .......#
#.       .###.       .#
 D       .....       .#
                     .#
                     . 

input 3
           #####       
          #.....#      
   ########.   .#      
  #.......#.   .#      
 ##.     .#.   .###### 
#...     .#... .......#
#.       .###.       .#
#D       .....       .#
                     .#
                     . 

input 2
           #####       
          #.....#      
   ########.   .#      
  #.......#.   .#      
 ##.     .#.   .###### 
#...     .#... .......#
#.       .###.       .#
#.       .....       .#
 D                   .#
                     . 

input 3
           #####       
          #.....#      
   ########.   .#      
  #.......#.   .#      
 ##.     .#.   .###### 
#...     .#... .......#
#.       .###.       .#
#.       .....       .#
#D                   .#
                     . 

input 2
           #####       
          #.....#      
   ########.   .#      
  #.......#.   .#      
 ##.     .#.   .###### 
#...     .#... .......#
#.       .###.       .#
#.       .....       .#
#.                   .#
 D                   . 

input 3
           #####       
          #.....#      
   ########.   .#      
  #.......#.   .#      
 ##.     .#.   .###### 
#...     .#... .......#
#.       .###.       .#
#.       .....       .#
#.                   .#
#D                   . 

input 2
           #####       
          #.....#      
   ########.   .#      
  #.......#.   .#      
 ##.     .#.   .###### 
#...     .#... .......#
#.       .###.       .#
#.       .....       .#
#.                   .#
#.                   . 
 D                     

input 3
           #####       
          #.....#      
   ########.   .#      
  #.......#.   .#      
 ##.     .#.   .###### 
#...     .#... .......#
#.       .###.       .#
#.       .....       .#
#.                   .#
#.                   . 
#D                     

input 2
           #####       
          #.....#      
   ########.   .#      
  #.......#.   .#      
 ##.     .#.   .###### 
#...     .#... .......#
#.       .###.       .#
#.       .....       .#
#.                   .#
#.                   . 
#.                     
 D                     

input 3
           #####       
          #.....#      
   ########.   .#      
  #.......#.   .#      
 ##.     .#.   .###### 
#...     .#... .......#
#.       .###.       .#
#.       .....       .#
#.                   .#
#.                   . 
#.                     
#D                     

input 2
           #####       
          #.....#      
   ########.   .#      
  #.......#.   .#      
 ##.     .#.   .###### 
#...     .#... .......#
#.       .###.       .#
#.       .....       .#
#.                   .#
#.                   . 
#.                     
#.                     
 D                     

input 3
           #####       
          #.....#      
   ########.   .#      
  #.......#.   .#      
 ##.     .#.   .###### 
#...     .#... .......#
#.       .###.       .#
#.       .....       .#
#.                   .#
#.                   . 
#.                     
#.                     
#D                    